0 info it worked if it ends with ok
1 verbose cli [ 'node', '/usr/local/bin/npm', 'install', '-g', 'fuckit' ]
2 info using npm@1.4.16
3 info using node@v0.10.28
4 verbose node symlink /usr/local/bin/node
5 verbose cache add [ 'fuckit', null ]
6 verbose cache add name=undefined spec="fuckit" args=["fuckit",null]
7 verbose parsed url { protocol: null,
7 verbose parsed url   slashes: null,
7 verbose parsed url   auth: null,
7 verbose parsed url   host: null,
7 verbose parsed url   port: null,
7 verbose parsed url   hostname: null,
7 verbose parsed url   hash: null,
7 verbose parsed url   search: null,
7 verbose parsed url   query: null,
7 verbose parsed url   pathname: 'fuckit',
7 verbose parsed url   path: 'fuckit',
7 verbose parsed url   href: 'fuckit' }
8 silly lockFile aeb4af80-fuckit fuckit
9 verbose lock fuckit /Users/stefan/.npm/aeb4af80-fuckit.lock
10 silly lockFile aeb4af80-fuckit fuckit
11 silly lockFile aeb4af80-fuckit fuckit
12 verbose addNamed [ 'fuckit', '' ]
13 verbose addNamed [ null, '*' ]
14 silly lockFile d1375805-fuckit fuckit@
15 verbose lock fuckit@ /Users/stefan/.npm/d1375805-fuckit.lock
16 silly addNameRange { name: 'fuckit', range: '*', hasData: false }
17 verbose request where is /fuckit
18 verbose request registry https://registry.npmjs.org/
19 verbose request id eec150e90a130432
20 verbose url raw /fuckit
21 verbose url resolving [ 'https://registry.npmjs.org/', './fuckit' ]
22 verbose url resolved https://registry.npmjs.org/fuckit
23 verbose request where is https://registry.npmjs.org/fuckit
24 info trying registry request attempt 1 at 15:11:07
25 http GET https://registry.npmjs.org/fuckit
26 http 404 https://registry.npmjs.org/fuckit
27 verbose headers { date: 'Tue, 12 Aug 2014 22:10:03 GMT',
27 verbose headers   server: 'CouchDB/1.5.0 (Erlang OTP/R16B03)',
27 verbose headers   'content-type': 'application/json',
27 verbose headers   'cache-control': 'max-age=0',
27 verbose headers   'content-length': '52',
27 verbose headers   'accept-ranges': 'bytes',
27 verbose headers   via: '1.1 varnish',
27 verbose headers   age: '0',
27 verbose headers   'x-served-by': 'cache-lax1429-LAX',
27 verbose headers   'x-cache': 'MISS',
27 verbose headers   'x-cache-hits': '0',
27 verbose headers   'x-timer': 'S1407881403.224792,VS0,VE45',
27 verbose headers   'keep-alive': 'timeout=10, max=50',
27 verbose headers   connection: 'Keep-Alive' }
28 silly registry.get cb [ 404,
28 silly registry.get   { date: 'Tue, 12 Aug 2014 22:10:03 GMT',
28 silly registry.get     server: 'CouchDB/1.5.0 (Erlang OTP/R16B03)',
28 silly registry.get     'content-type': 'application/json',
28 silly registry.get     'cache-control': 'max-age=0',
28 silly registry.get     'content-length': '52',
28 silly registry.get     'accept-ranges': 'bytes',
28 silly registry.get     via: '1.1 varnish',
28 silly registry.get     age: '0',
28 silly registry.get     'x-served-by': 'cache-lax1429-LAX',
28 silly registry.get     'x-cache': 'MISS',
28 silly registry.get     'x-cache-hits': '0',
28 silly registry.get     'x-timer': 'S1407881403.224792,VS0,VE45',
28 silly registry.get     'keep-alive': 'timeout=10, max=50',
28 silly registry.get     connection: 'Keep-Alive' } ]
29 silly lockFile d1375805-fuckit fuckit@
30 silly lockFile d1375805-fuckit fuckit@
31 error 404 404 Not Found: fuckit
31 error 404
31 error 404 'fuckit' is not in the npm registry.
31 error 404 You should bug the author to publish it
31 error 404
31 error 404 Note that you can also install from a
31 error 404 tarball, folder, or http url, or git url.
32 error System Darwin 13.3.0
33 error command "node" "/usr/local/bin/npm" "install" "-g" "fuckit"
34 error cwd /Users/stefan/git/chef-scylla
35 error node -v v0.10.28
36 error npm -v 1.4.16
37 error code E404
38 verbose exit [ 1, true ]
